[debug] [2024-12-02T05:53:38.288Z] ----------------------------------------------------------------------
[debug] [2024-12-02T05:53:38.295Z] Command:       C:\Program Files\nodejs\node.exe C:\Users\HP\AppData\Roaming\npm\node_modules\firebase-tools\lib\bin\firebase.js init
[debug] [2024-12-02T05:53:38.296Z] CLI Version:   13.27.0
[debug] [2024-12-02T05:53:38.297Z] Platform:      win32
[debug] [2024-12-02T05:53:38.297Z] Node Version:  v20.18.0
[debug] [2024-12-02T05:53:38.297Z] Time:          Sun Dec 01 2024 23:53:38 GMT-0600 (hora estándar central)
[debug] [2024-12-02T05:53:38.297Z] ----------------------------------------------------------------------
[debug] 
[debug] [2024-12-02T05:53:38.313Z] > command requires scopes: ["email","openid","https://www.googleapis.com/auth/cloudplatformprojects.readonly","https://www.googleapis.com/auth/firebase","https://www.googleapis.com/auth/cloud-platform"]
[debug] [2024-12-02T05:53:38.314Z] > authorizing via signed-in user (routguaile@hotmail.com)
[info] 
     ######## #### ########  ######## ########     ###     ######  ########
     ##        ##  ##     ## ##       ##     ##  ##   ##  ##       ##
     ######    ##  ########  ######   ########  #########  ######  ######
     ##        ##  ##    ##  ##       ##     ## ##     ##       ## ##
     ##       #### ##     ## ######## ########  ##     ##  ######  ########

You're about to initialize a Firebase project in this directory:

  C:\Users\HP\OneDrive\Escritorio\halo\halo

[info] 
=== Project Setup
[info] 
[info] First, let's associate this project directory with a Firebase project.
[info] You can create multiple project aliases by running firebase use --add, 
[info] but for now we'll just set up a default project.
[info] 
[info] i  If you want to create a project in a Google Cloud organization or folder, please use "firebase projects:create" instead, and return to this command when you've created the project. 
[debug] [2024-12-02T05:55:24.311Z] Checked if tokens are valid: true, expires at: 1733122291977
[debug] [2024-12-02T05:55:24.312Z] Checked if tokens are valid: true, expires at: 1733122291977
[debug] [2024-12-02T05:55:24.316Z] >>> [apiv2][query] POST https://cloudresourcemanager.googleapis.com/v1/projects [none]
[debug] [2024-12-02T05:55:24.317Z] >>> [apiv2][body] POST https://cloudresourcemanager.googleapis.com/v1/projects {"projectId":"pwa-domini","name":"pwa-domini"}
[debug] [2024-12-02T05:55:24.958Z] <<< [apiv2][status] POST https://cloudresourcemanager.googleapis.com/v1/projects 409
[debug] [2024-12-02T05:55:24.959Z] <<< [apiv2][body] POST https://cloudresourcemanager.googleapis.com/v1/projects {"error":{"code":409,"message":"Requested entity already exists","status":"ALREADY_EXISTS"}}
[debug] [2024-12-02T05:55:25.581Z] FirebaseError: Request to https://cloudresourcemanager.googleapis.com/v1/projects had HTTP Error: 409, Requested entity already exists
    at responseToError (C:\Users\HP\AppData\Roaming\npm\node_modules\firebase-tools\lib\responseToError.js:52:12)
    at RetryOperation._fn (C:\Users\HP\AppData\Roaming\npm\node_modules\firebase-tools\lib\apiv2.js:312:77)
    at process.processTicksAndRejections (node:internal/process/task_queues:95:5)
[error] 
[error] Error: Failed to create project because there is already a project with ID pwa-domini. Please try again with a unique project ID.
[debug] [2024-12-02T05:56:01.388Z] ----------------------------------------------------------------------
[debug] [2024-12-02T05:56:01.395Z] Command:       C:\Program Files\nodejs\node.exe C:\Users\HP\AppData\Roaming\npm\node_modules\firebase-tools\lib\bin\firebase.js init
[debug] [2024-12-02T05:56:01.396Z] CLI Version:   13.27.0
[debug] [2024-12-02T05:56:01.396Z] Platform:      win32
[debug] [2024-12-02T05:56:01.396Z] Node Version:  v20.18.0
[debug] [2024-12-02T05:56:01.396Z] Time:          Sun Dec 01 2024 23:56:01 GMT-0600 (hora estándar central)
[debug] [2024-12-02T05:56:01.397Z] ----------------------------------------------------------------------
[debug] 
[debug] [2024-12-02T05:56:01.413Z] > command requires scopes: ["email","openid","https://www.googleapis.com/auth/cloudplatformprojects.readonly","https://www.googleapis.com/auth/firebase","https://www.googleapis.com/auth/cloud-platform"]
[debug] [2024-12-02T05:56:01.415Z] > authorizing via signed-in user (routguaile@hotmail.com)
[info] 
     ######## #### ########  ######## ########     ###     ######  ########
     ##        ##  ##     ## ##       ##     ##  ##   ##  ##       ##
     ######    ##  ########  ######   ########  #########  ######  ######
     ##        ##  ##    ##  ##       ##     ## ##     ##       ## ##
     ##       #### ##     ## ######## ########  ##     ##  ######  ########

You're about to initialize a Firebase project in this directory:

  C:\Users\HP\OneDrive\Escritorio\halo\halo

[info] 
=== Project Setup
[info] 
[info] First, let's associate this project directory with a Firebase project.
[info] You can create multiple project aliases by running firebase use --add, 
[info] but for now we'll just set up a default project.
[info] 
[info] i  If you want to create a project in a Google Cloud organization or folder, please use "firebase projects:create" instead, and return to this command when you've created the project. 
[debug] [2024-12-02T05:56:30.247Z] Checked if tokens are valid: true, expires at: 1733122291977
[debug] [2024-12-02T05:56:30.248Z] Checked if tokens are valid: true, expires at: 1733122291977
[debug] [2024-12-02T05:56:30.251Z] >>> [apiv2][query] POST https://cloudresourcemanager.googleapis.com/v1/projects [none]
[debug] [2024-12-02T05:56:30.252Z] >>> [apiv2][body] POST https://cloudresourcemanager.googleapis.com/v1/projects {"projectId":"pwa-domini","name":"pwa-domini"}
[debug] [2024-12-02T05:56:31.041Z] <<< [apiv2][status] POST https://cloudresourcemanager.googleapis.com/v1/projects 409
[debug] [2024-12-02T05:56:31.042Z] <<< [apiv2][body] POST https://cloudresourcemanager.googleapis.com/v1/projects {"error":{"code":409,"message":"Requested entity already exists","status":"ALREADY_EXISTS"}}
[debug] [2024-12-02T05:56:32.042Z] FirebaseError: Request to https://cloudresourcemanager.googleapis.com/v1/projects had HTTP Error: 409, Requested entity already exists
    at responseToError (C:\Users\HP\AppData\Roaming\npm\node_modules\firebase-tools\lib\responseToError.js:52:12)
    at RetryOperation._fn (C:\Users\HP\AppData\Roaming\npm\node_modules\firebase-tools\lib\apiv2.js:312:77)
    at process.processTicksAndRejections (node:internal/process/task_queues:95:5)
[error] 
[error] Error: Failed to create project because there is already a project with ID pwa-domini. Please try again with a unique project ID.
[debug] [2024-12-02T05:56:45.150Z] ----------------------------------------------------------------------
[debug] [2024-12-02T05:56:45.157Z] Command:       C:\Program Files\nodejs\node.exe C:\Users\HP\AppData\Roaming\npm\node_modules\firebase-tools\lib\bin\firebase.js init
[debug] [2024-12-02T05:56:45.158Z] CLI Version:   13.27.0
[debug] [2024-12-02T05:56:45.158Z] Platform:      win32
[debug] [2024-12-02T05:56:45.158Z] Node Version:  v20.18.0
[debug] [2024-12-02T05:56:45.159Z] Time:          Sun Dec 01 2024 23:56:45 GMT-0600 (hora estándar central)
[debug] [2024-12-02T05:56:45.159Z] ----------------------------------------------------------------------
[debug] 
[debug] [2024-12-02T05:56:45.175Z] > command requires scopes: ["email","openid","https://www.googleapis.com/auth/cloudplatformprojects.readonly","https://www.googleapis.com/auth/firebase","https://www.googleapis.com/auth/cloud-platform"]
[debug] [2024-12-02T05:56:45.176Z] > authorizing via signed-in user (routguaile@hotmail.com)
[info] 
     ######## #### ########  ######## ########     ###     ######  ########
     ##        ##  ##     ## ##       ##     ##  ##   ##  ##       ##
     ######    ##  ########  ######   ########  #########  ######  ######
     ##        ##  ##    ##  ##       ##     ## ##     ##       ## ##
     ##       #### ##     ## ######## ########  ##     ##  ######  ########

You're about to initialize a Firebase project in this directory:

  C:\Users\HP\OneDrive\Escritorio\halo\halo

[info] 
=== Project Setup
[info] 
[info] First, let's associate this project directory with a Firebase project.
[info] You can create multiple project aliases by running firebase use --add, 
[info] but for now we'll just set up a default project.
[info] 
[info] i  If you want to create a project in a Google Cloud organization or folder, please use "firebase projects:create" instead, and return to this command when you've created the project. 
[debug] [2024-12-02T05:57:10.460Z] Checked if tokens are valid: true, expires at: 1733122291977
[debug] [2024-12-02T05:57:10.461Z] Checked if tokens are valid: true, expires at: 1733122291977
[debug] [2024-12-02T05:57:10.464Z] >>> [apiv2][query] POST https://cloudresourcemanager.googleapis.com/v1/projects [none]
[debug] [2024-12-02T05:57:10.465Z] >>> [apiv2][body] POST https://cloudresourcemanager.googleapis.com/v1/projects {"projectId":"pwa-domini","name":"pwa-dominic"}
[debug] [2024-12-02T05:57:11.086Z] <<< [apiv2][status] POST https://cloudresourcemanager.googleapis.com/v1/projects 409
[debug] [2024-12-02T05:57:11.087Z] <<< [apiv2][body] POST https://cloudresourcemanager.googleapis.com/v1/projects {"error":{"code":409,"message":"Requested entity already exists","status":"ALREADY_EXISTS"}}
[debug] [2024-12-02T05:57:12.667Z] FirebaseError: Request to https://cloudresourcemanager.googleapis.com/v1/projects had HTTP Error: 409, Requested entity already exists
    at responseToError (C:\Users\HP\AppData\Roaming\npm\node_modules\firebase-tools\lib\responseToError.js:52:12)
    at RetryOperation._fn (C:\Users\HP\AppData\Roaming\npm\node_modules\firebase-tools\lib\apiv2.js:312:77)
    at process.processTicksAndRejections (node:internal/process/task_queues:95:5)
[error] 
[error] Error: Failed to create project because there is already a project with ID pwa-domini. Please try again with a unique project ID.
[debug] [2024-12-02T05:57:36.646Z] ----------------------------------------------------------------------
[debug] [2024-12-02T05:57:36.652Z] Command:       C:\Program Files\nodejs\node.exe C:\Users\HP\AppData\Roaming\npm\node_modules\firebase-tools\lib\bin\firebase.js init
[debug] [2024-12-02T05:57:36.653Z] CLI Version:   13.27.0
[debug] [2024-12-02T05:57:36.654Z] Platform:      win32
[debug] [2024-12-02T05:57:36.654Z] Node Version:  v20.18.0
[debug] [2024-12-02T05:57:36.654Z] Time:          Sun Dec 01 2024 23:57:36 GMT-0600 (hora estándar central)
[debug] [2024-12-02T05:57:36.654Z] ----------------------------------------------------------------------
[debug] 
[debug] [2024-12-02T05:57:36.671Z] > command requires scopes: ["email","openid","https://www.googleapis.com/auth/cloudplatformprojects.readonly","https://www.googleapis.com/auth/firebase","https://www.googleapis.com/auth/cloud-platform"]
[debug] [2024-12-02T05:57:36.672Z] > authorizing via signed-in user (routguaile@hotmail.com)
[info] 
     ######## #### ########  ######## ########     ###     ######  ########
     ##        ##  ##     ## ##       ##     ##  ##   ##  ##       ##
     ######    ##  ########  ######   ########  #########  ######  ######
     ##        ##  ##    ##  ##       ##     ## ##     ##       ## ##
     ##       #### ##     ## ######## ########  ##     ##  ######  ########

You're about to initialize a Firebase project in this directory:

  C:\Users\HP\OneDrive\Escritorio\halo\halo

[info] 
=== Project Setup
[info] 
[info] First, let's associate this project directory with a Firebase project.
[info] You can create multiple project aliases by running firebase use --add, 
[info] but for now we'll just set up a default project.
[info] 
[info] i  If you want to create a project in a Google Cloud organization or folder, please use "firebase projects:create" instead, and return to this command when you've created the project. 
[debug] [2024-12-02T05:57:53.577Z] Checked if tokens are valid: true, expires at: 1733122291977
[debug] [2024-12-02T05:57:53.579Z] Checked if tokens are valid: true, expires at: 1733122291977
[debug] [2024-12-02T05:57:53.583Z] >>> [apiv2][query] POST https://cloudresourcemanager.googleapis.com/v1/projects [none]
[debug] [2024-12-02T05:57:53.584Z] >>> [apiv2][body] POST https://cloudresourcemanager.googleapis.com/v1/projects {"projectId":"pwa-domini","name":"halo"}
[debug] [2024-12-02T05:57:54.205Z] <<< [apiv2][status] POST https://cloudresourcemanager.googleapis.com/v1/projects 409
[debug] [2024-12-02T05:57:54.205Z] <<< [apiv2][body] POST https://cloudresourcemanager.googleapis.com/v1/projects {"error":{"code":409,"message":"Requested entity already exists","status":"ALREADY_EXISTS"}}
[debug] [2024-12-02T05:57:54.659Z] FirebaseError: Request to https://cloudresourcemanager.googleapis.com/v1/projects had HTTP Error: 409, Requested entity already exists
    at responseToError (C:\Users\HP\AppData\Roaming\npm\node_modules\firebase-tools\lib\responseToError.js:52:12)
    at RetryOperation._fn (C:\Users\HP\AppData\Roaming\npm\node_modules\firebase-tools\lib\apiv2.js:312:77)
    at process.processTicksAndRejections (node:internal/process/task_queues:95:5)
[error] 
[error] Error: Failed to create project because there is already a project with ID pwa-domini. Please try again with a unique project ID.
[debug] [2024-12-02T05:58:59.523Z] ----------------------------------------------------------------------
[debug] [2024-12-02T05:58:59.529Z] Command:       C:\Program Files\nodejs\node.exe C:\Users\HP\AppData\Roaming\npm\node_modules\firebase-tools\lib\bin\firebase.js init
[debug] [2024-12-02T05:58:59.530Z] CLI Version:   13.27.0
[debug] [2024-12-02T05:58:59.531Z] Platform:      win32
[debug] [2024-12-02T05:58:59.531Z] Node Version:  v20.18.0
[debug] [2024-12-02T05:58:59.531Z] Time:          Sun Dec 01 2024 23:58:59 GMT-0600 (hora estándar central)
[debug] [2024-12-02T05:58:59.531Z] ----------------------------------------------------------------------
[debug] 
[debug] [2024-12-02T05:58:59.547Z] > command requires scopes: ["email","openid","https://www.googleapis.com/auth/cloudplatformprojects.readonly","https://www.googleapis.com/auth/firebase","https://www.googleapis.com/auth/cloud-platform"]
[debug] [2024-12-02T05:58:59.549Z] > authorizing via signed-in user (routguaile@hotmail.com)
[info] 
     ######## #### ########  ######## ########     ###     ######  ########
     ##        ##  ##     ## ##       ##     ##  ##   ##  ##       ##
     ######    ##  ########  ######   ########  #########  ######  ######
     ##        ##  ##    ##  ##       ##     ## ##     ##       ## ##
     ##       #### ##     ## ######## ########  ##     ##  ######  ########

You're about to initialize a Firebase project in this directory:

  C:\Users\HP\OneDrive\Escritorio\halo\halo

[info] 
=== Project Setup
[info] 
[info] First, let's associate this project directory with a Firebase project.
[info] You can create multiple project aliases by running firebase use --add, 
[info] but for now we'll just set up a default project.
[info] 
[info] i  If you want to create a project in a Google Cloud organization or folder, please use "firebase projects:create" instead, and return to this command when you've created the project. 
[debug] [2024-12-02T05:59:29.932Z] Checked if tokens are valid: true, expires at: 1733122291977
[debug] [2024-12-02T05:59:29.933Z] Checked if tokens are valid: true, expires at: 1733122291977
[debug] [2024-12-02T05:59:29.937Z] >>> [apiv2][query] POST https://cloudresourcemanager.googleapis.com/v1/projects [none]
[debug] [2024-12-02T05:59:29.937Z] >>> [apiv2][body] POST https://cloudresourcemanager.googleapis.com/v1/projects {"projectId":"pwa-domini","name":"pwa-halo"}
[debug] [2024-12-02T05:59:30.462Z] <<< [apiv2][status] POST https://cloudresourcemanager.googleapis.com/v1/projects 409
[debug] [2024-12-02T05:59:30.462Z] <<< [apiv2][body] POST https://cloudresourcemanager.googleapis.com/v1/projects {"error":{"code":409,"message":"Requested entity already exists","status":"ALREADY_EXISTS"}}
[debug] [2024-12-02T05:59:30.983Z] FirebaseError: Request to https://cloudresourcemanager.googleapis.com/v1/projects had HTTP Error: 409, Requested entity already exists
    at responseToError (C:\Users\HP\AppData\Roaming\npm\node_modules\firebase-tools\lib\responseToError.js:52:12)
    at RetryOperation._fn (C:\Users\HP\AppData\Roaming\npm\node_modules\firebase-tools\lib\apiv2.js:312:77)
    at process.processTicksAndRejections (node:internal/process/task_queues:95:5)
[error] 
[error] Error: Failed to create project because there is already a project with ID pwa-domini. Please try again with a unique project ID.
[debug] [2024-12-02T14:23:35.800Z] ----------------------------------------------------------------------
[debug] [2024-12-02T14:23:35.807Z] Command:       C:\Program Files\nodejs\node.exe C:\Users\HP\AppData\Roaming\npm\node_modules\firebase-tools\lib\bin\firebase.js init
[debug] [2024-12-02T14:23:35.808Z] CLI Version:   13.27.0
[debug] [2024-12-02T14:23:35.808Z] Platform:      win32
[debug] [2024-12-02T14:23:35.809Z] Node Version:  v20.18.0
[debug] [2024-12-02T14:23:35.809Z] Time:          Mon Dec 02 2024 08:23:35 GMT-0600 (hora estándar central)
[debug] [2024-12-02T14:23:35.809Z] ----------------------------------------------------------------------
[debug] 
[debug] [2024-12-02T14:23:35.826Z] > command requires scopes: ["email","openid","https://www.googleapis.com/auth/cloudplatformprojects.readonly","https://www.googleapis.com/auth/firebase","https://www.googleapis.com/auth/cloud-platform"]
[debug] [2024-12-02T14:23:35.827Z] > authorizing via signed-in user (routguaile@hotmail.com)
[info] 
     ######## #### ########  ######## ########     ###     ######  ########
     ##        ##  ##     ## ##       ##     ##  ##   ##  ##       ##
     ######    ##  ########  ######   ########  #########  ######  ######
     ##        ##  ##    ##  ##       ##     ## ##     ##       ## ##
     ##       #### ##     ## ######## ########  ##     ##  ######  ########

You're about to initialize a Firebase project in this directory:

  C:\Users\HP\OneDrive\Escritorio\halo\halo

[info] 
=== Project Setup
[info] 
[info] First, let's associate this project directory with a Firebase project.
[info] You can create multiple project aliases by running firebase use --add, 
[info] but for now we'll just set up a default project.
[info] 
[info] i  If you want to create a project in a Google Cloud organization or folder, please use "firebase projects:create" instead, and return to this command when you've created the project. 
[debug] [2024-12-02T14:24:23.704Z] Checked if tokens are valid: false, expires at: 1733122291977
[debug] [2024-12-02T14:24:23.705Z] Checked if tokens are valid: false, expires at: 1733122291977
[debug] [2024-12-02T14:24:23.706Z] > refreshing access token with scopes: []
[debug] [2024-12-02T14:24:23.709Z] >>> [apiv2][query] POST https://www.googleapis.com/oauth2/v3/token [none]
[debug] [2024-12-02T14:24:23.710Z] >>> [apiv2][body] POST https://www.googleapis.com/oauth2/v3/token [omitted]
[debug] [2024-12-02T14:24:25.540Z] <<< [apiv2][status] POST https://www.googleapis.com/oauth2/v3/token 200
[debug] [2024-12-02T14:24:25.540Z] <<< [apiv2][body] POST https://www.googleapis.com/oauth2/v3/token [omitted]
[debug] [2024-12-02T14:24:25.565Z] >>> [apiv2][query] POST https://cloudresourcemanager.googleapis.com/v1/projects [none]
[debug] [2024-12-02T14:24:25.566Z] >>> [apiv2][body] POST https://cloudresourcemanager.googleapis.com/v1/projects {"projectId":"pwa-domini","name":"pwa-domini"}
[debug] [2024-12-02T14:24:28.509Z] <<< [apiv2][status] POST https://cloudresourcemanager.googleapis.com/v1/projects 409
[debug] [2024-12-02T14:24:28.509Z] <<< [apiv2][body] POST https://cloudresourcemanager.googleapis.com/v1/projects {"error":{"code":409,"message":"Requested entity already exists","status":"ALREADY_EXISTS"}}
[debug] [2024-12-02T14:24:29.927Z] FirebaseError: Request to https://cloudresourcemanager.googleapis.com/v1/projects had HTTP Error: 409, Requested entity already exists
    at responseToError (C:\Users\HP\AppData\Roaming\npm\node_modules\firebase-tools\lib\responseToError.js:52:12)
    at RetryOperation._fn (C:\Users\HP\AppData\Roaming\npm\node_modules\firebase-tools\lib\apiv2.js:312:77)
    at process.processTicksAndRejections (node:internal/process/task_queues:95:5)
[error] 
[error] Error: Failed to create project because there is already a project with ID pwa-domini. Please try again with a unique project ID.
